<?xml version="1.0" encoding="UTF-8"?>
<testng-results ignored="0" total="1" passed="1" failed="0" skipped="0">
  <reporter-output>
  </reporter-output>
  <suite started-at="2024-01-03T10:20:33 IST" name="Default suite" finished-at="2024-01-03T10:20:36 IST" duration-ms="3610">
    <groups>
    </groups>
    <test started-at="2024-01-03T10:20:33 IST" name="Default test" finished-at="2024-01-03T10:20:36 IST" duration-ms="3610">
      <class name="com.simplilearn.cucumber.PhaseTwoFinalProject.HealthInsuranceTest">
        <test-method is-config="true" signature="setUp()[pri:0, instance:com.simplilearn.cucumber.PhaseTwoFinalProject.HealthInsuranceTest@1623b78d]" started-at="2024-01-03T10:20:33 IST" name="setUp" finished-at="2024-01-03T10:20:36 IST" duration-ms="3332" status="PASS">
          <reporter-output>
          </reporter-output>
        </test-method> <!-- setUp -->
        <test-method signature="testHealthInsuranceFunctionality()[pri:0, instance:com.simplilearn.cucumber.PhaseTwoFinalProject.HealthInsuranceTest@1623b78d]" started-at="2024-01-03T10:20:36 IST" name="testHealthInsuranceFunctionality" finished-at="2024-01-03T10:20:36 IST" duration-ms="245" status="PASS">
          <reporter-output>
          </reporter-output>
        </test-method> <!-- testHealthInsuranceFunctionality -->
        <test-method is-config="true" signature="tearDown()[pri:0, instance:com.simplilearn.cucumber.PhaseTwoFinalProject.HealthInsuranceTest@1623b78d]" started-at="2024-01-03T10:20:36 IST" name="tearDown" finished-at="2024-01-03T10:20:36 IST" duration-ms="0" status="PASS">
          <reporter-output>
          </reporter-output>
        </test-method> <!-- tearDown -->
      </class> <!-- com.simplilearn.cucumber.PhaseTwoFinalProject.HealthInsuranceTest -->
    </test> <!-- Default test -->
  </suite> <!-- Default suite -->
</testng-results>
